<?xml version="1.0" encoding="UTF-8"?>
<!-- Generated by org.testng.reporters.JUnitXMLReporter -->
<testsuite hostname="DESKTOP-280B4F5" ignored="0" name="ChromeTest" tests="3" failures="0" timestamp="13 Jul 2020 10:53:46 GMT" time="5.662" errors="0">
  <testcase name="@BeforeMethod precondition" time="5.603" classname="Com_ActiTIme_Generic.BaseTest">
    <failure type="org.openqa.selenium.SessionNotCreatedException" message="session not created: This version of ChromeDriver only supports Chrome version 80
Build info: version: &amp;apos;3.141.59&amp;apos;, revision: &amp;apos;e82be7d358&amp;apos;, time: &amp;apos;2018-11-14T08:25:53&amp;apos;
System info: host: &amp;apos;DESKTOP-280B4F5&amp;apos;, ip: &amp;apos;192.168.43.205&amp;apos;, os.name: &amp;apos;Windows 10&amp;apos;, os.arch: &amp;apos;amd64&amp;apos;, os.version: &amp;apos;10.0&amp;apos;, java.version: &amp;apos;1.8.0_241&amp;apos;
Driver info: driver.version: unknown
remote stacktrace: Backtrace:
	Ordinal0 [0x01140C83+1707139]
	Ordinal0 [0x010A68F1+1075441]
	Ordinal0 [0x0101DFC9+516041]
	Ordinal0 [0x00FB0554+66900]
	Ordinal0 [0x00FACCE2+52450]
	Ordinal0 [0x00FCBFD7+180183]
	Ordinal0 [0x00FCBDDD+179677]
	Ordinal0 [0x00FC9D4B+171339]
	Ordinal0 [0x00FB1D4A+73034]
	Ordinal0 [0x00FB2DC0+77248]
	Ordinal0 [0x00FB2D59+77145]
	Ordinal0 [0x010BBB67+1162087]
	GetHandleVerifier [0x011DA966+508998]
	GetHandleVerifier [0x011DA6A4+508292]
	GetHandleVerifier [0x011EF7B7+594583]
	GetHandleVerifier [0x011DB1D6+511158]
	Ordinal0 [0x010B402C+1130540]
	Ordinal0 [0x010BD4CB+1168587]
	Ordinal0 [0x010BD633+1168947]
	Ordinal0 [0x010D5B35+1268533]
	BaseThreadInitThunk [0x76D46359+25]
	RtlGetAppContainerNamedObjectPath [0x77837C24+228]
	RtlGetAppContainerNamedObjectPath [0x77837BF4+180]

Command duration or timeout: 3.82 seconds">
      <![CDATA[org.openqa.selenium.SessionNotCreatedException: session not created: This version of ChromeDriver only supports Chrome version 80
Build info: version: '3.141.59', revision: 'e82be7d358', time: '2018-11-14T08:25:53'
System info: host: 'DESKTOP-280B4F5', ip: '192.168.43.205', os.name: 'Windows 10', os.arch: 'amd64', os.version: '10.0', java.version: '1.8.0_241'
Driver info: driver.version: unknown
remote stacktrace: Backtrace:
Ordinal0 [0x01140C83+1707139]
Ordinal0 [0x010A68F1+1075441]
Ordinal0 [0x0101DFC9+516041]
Ordinal0 [0x00FB0554+66900]
Ordinal0 [0x00FACCE2+52450]
Ordinal0 [0x00FCBFD7+180183]
Ordinal0 [0x00FCBDDD+179677]
Ordinal0 [0x00FC9D4B+171339]
Ordinal0 [0x00FB1D4A+73034]
Ordinal0 [0x00FB2DC0+77248]
Ordinal0 [0x00FB2D59+77145]
Ordinal0 [0x010BBB67+1162087]
GetHandleVerifier [0x011DA966+508998]
GetHandleVerifier [0x011DA6A4+508292]
GetHandleVerifier [0x011EF7B7+594583]
GetHandleVerifier [0x011DB1D6+511158]
Ordinal0 [0x010B402C+1130540]
Ordinal0 [0x010BD4CB+1168587]
Ordinal0 [0x010BD633+1168947]
Ordinal0 [0x010D5B35+1268533]
BaseThreadInitThunk [0x76D46359+25]
RtlGetAppContainerNamedObjectPath [0x77837C24+228]
RtlGetAppContainerNamedObjectPath [0x77837BF4+180]

Command duration or timeout: 3.82 seconds
at org.openqa.selenium.remote.ErrorHandler.createThrowable(ErrorHandler.java:214)
at org.openqa.selenium.remote.ErrorHandler.throwIfResponseFailed(ErrorHandler.java:166)
at org.openqa.selenium.remote.JsonWireProtocolResponse.lambda$errorHandler$0(JsonWireProtocolResponse.java:54)
at org.openqa.selenium.remote.HandshakeResponse.lambda$getResponseFunction$0(HandshakeResponse.java:30)
at org.openqa.selenium.remote.ProtocolHandshake.lambda$createSession$0(ProtocolHandshake.java:126)
at java.util.stream.ReferencePipeline$3$1.accept(Unknown Source)
at java.util.Spliterators$ArraySpliterator.tryAdvance(Unknown Source)
at java.util.stream.ReferencePipeline.forEachWithCancel(Unknown Source)
at java.util.stream.AbstractPipeline.copyIntoWithCancel(Unknown Source)
at java.util.stream.AbstractPipeline.copyInto(Unknown Source)
at java.util.stream.AbstractPipeline.wrapAndCopyInto(Unknown Source)
at java.util.stream.FindOps$FindOp.evaluateSequential(Unknown Source)
at java.util.stream.AbstractPipeline.evaluate(Unknown Source)
at java.util.stream.ReferencePipeline.findFirst(Unknown Source)
at org.openqa.selenium.remote.ProtocolHandshake.createSession(ProtocolHandshake.java:128)
at org.openqa.selenium.remote.ProtocolHandshake.createSession(ProtocolHandshake.java:74)
at org.openqa.selenium.remote.HttpCommandExecutor.execute(HttpCommandExecutor.java:136)
at org.openqa.selenium.remote.RemoteWebDriver.execute(RemoteWebDriver.java:552)
at org.openqa.selenium.remote.RemoteWebDriver.startSession(RemoteWebDriver.java:213)
at org.openqa.selenium.remote.RemoteWebDriver.<init>(RemoteWebDriver.java:131)
at org.openqa.selenium.remote.RemoteWebDriver.<init>(RemoteWebDriver.java:144)
at Com_ActiTIme_Generic.BaseTest.precondition(BaseTest.java:26)
at java.util.concurrent.FutureTask.run(Unknown Source)
at java.util.concurrent.ThreadPoolExecutor.runWorker(Unknown Source)
at java.util.concurrent.ThreadPoolExecutor$Worker.run(Unknown Source)
at java.lang.Thread.run(Unknown Source)
Caused by: org.openqa.selenium.SessionNotCreatedException: session not created: This version of ChromeDriver only supports Chrome version 80
Build info: version: '3.141.59', revision: 'e82be7d358', time: '2018-11-14T08:25:53'
System info: host: 'DESKTOP-280B4F5', ip: '192.168.43.205', os.name: 'Windows 10', os.arch: 'amd64', os.version: '10.0', java.version: '1.8.0_241'
Driver info: driver.version: unknown
remote stacktrace: Backtrace:
Ordinal0 [0x01140C83+1707139]
Ordinal0 [0x010A68F1+1075441]
Ordinal0 [0x0101DFC9+516041]
Ordinal0 [0x00FB0554+66900]
Ordinal0 [0x00FACCE2+52450]
Ordinal0 [0x00FCBFD7+180183]
Ordinal0 [0x00FCBDDD+179677]
Ordinal0 [0x00FC9D4B+171339]
Ordinal0 [0x00FB1D4A+73034]
Ordinal0 [0x00FB2DC0+77248]
Ordinal0 [0x00FB2D59+77145]
Ordinal0 [0x010BBB67+1162087]
GetHandleVerifier [0x011DA966+508998]
GetHandleVerifier [0x011DA6A4+508292]
GetHandleVerifier [0x011EF7B7+594583]
GetHandleVerifier [0x011DB1D6+511158]
Ordinal0 [0x010B402C+1130540]
Ordinal0 [0x010BD4CB+1168587]
Ordinal0 [0x010BD633+1168947]
Ordinal0 [0x010D5B35+1268533]
BaseThreadInitThunk [0x76D46359+25]
RtlGetAppContainerNamedObjectPath [0x77837C24+228]
RtlGetAppContainerNamedObjectPath [0x77837BF4+180]

Build info: version: '3.141.59', revision: 'e82be7d358', time: '2018-11-14T08:25:53'
System info: host: 'DESKTOP-280B4F5', ip: '192.168.43.205', os.name: 'Windows 10', os.arch: 'amd64', os.version: '10.0', java.version: '1.8.0_241'
Driver info: driver.version: unknown
at org.openqa.selenium.remote.W3CHandshakeResponse.lambda$errorHandler$0(W3CHandshakeResponse.java:62)
at org.openqa.selenium.remote.HandshakeResponse.lambda$getResponseFunction$0(HandshakeResponse.java:30)
at org.openqa.selenium.remote.ProtocolHandshake.lambda$createSession$0(ProtocolHandshake.java:126)
at java.util.stream.ReferencePipeline$3$1.accept(Unknown Source)
at java.util.Spliterators$ArraySpliterator.tryAdvance(Unknown Source)
at java.util.stream.ReferencePipeline.forEachWithCancel(Unknown Source)
at java.util.stream.AbstractPipeline.copyIntoWithCancel(Unknown Source)
at java.util.stream.AbstractPipeline.copyInto(Unknown Source)
at java.util.stream.AbstractPipeline.wrapAndCopyInto(Unknown Source)
at java.util.stream.FindOps$FindOp.evaluateSequential(Unknown Source)
at java.util.stream.AbstractPipeline.evaluate(Unknown Source)
at java.util.stream.ReferencePipeline.findFirst(Unknown Source)
at org.openqa.selenium.remote.ProtocolHandshake.createSession(ProtocolHandshake.java:128)
at org.openqa.selenium.remote.ProtocolHandshake.createSession(ProtocolHandshake.java:74)
at org.openqa.selenium.grid.session.remote.RemoteSession$Factory.performHandshake(RemoteSession.java:147)
at org.openqa.selenium.grid.session.remote.ServicedSession$Factory.apply(ServicedSession.java:161)
at org.openqa.selenium.remote.server.ActiveSessionFactory.lambda$apply$12(ActiveSessionFactory.java:180)
at java.util.stream.ReferencePipeline$3$1.accept(Unknown Source)
at java.util.stream.ReferencePipeline$11$1.accept(Unknown Source)
at java.util.stream.ReferencePipeline$2$1.accept(Unknown Source)
at java.util.Spliterators$ArraySpliterator.tryAdvance(Unknown Source)
at java.util.stream.ReferencePipeline.forEachWithCancel(Unknown Source)
at java.util.stream.AbstractPipeline.copyIntoWithCancel(Unknown Source)
at java.util.stream.AbstractPipeline.copyInto(Unknown Source)
at java.util.stream.AbstractPipeline.wrapAndCopyInto(Unknown Source)
at java.util.stream.FindOps$FindOp.evaluateSequential(Unknown Source)
at java.util.stream.AbstractPipeline.evaluate(Unknown Source)
at java.util.stream.ReferencePipeline.findFirst(Unknown Source)
at org.openqa.selenium.remote.server.ActiveSessionFactory.apply(ActiveSessionFactory.java:183)
at org.openqa.selenium.remote.server.NewSessionPipeline.lambda$null$2(NewSessionPipeline.java:66)
at java.util.stream.ReferencePipeline$3$1.accept(Unknown Source)
at java.util.stream.ReferencePipeline$2$1.accept(Unknown Source)
at java.util.Collections$2.tryAdvance(Unknown Source)
at java.util.stream.ReferencePipeline.forEachWithCancel(Unknown Source)
at java.util.stream.AbstractPipeline.copyIntoWithCancel(Unknown Source)
at java.util.stream.AbstractPipeline.copyInto(Unknown Source)
at java.util.stream.AbstractPipeline.wrapAndCopyInto(Unknown Source)
at java.util.stream.FindOps$FindOp.evaluateSequential(Unknown Source)
at java.util.stream.AbstractPipeline.evaluate(Unknown Source)
at java.util.stream.ReferencePipeline.findFirst(Unknown Source)
at org.openqa.selenium.remote.server.NewSessionPipeline.lambda$createNewSession$3(NewSessionPipeline.java:69)
at java.util.stream.ReferencePipeline$3$1.accept(Unknown Source)
at java.util.stream.ReferencePipeline$3$1.accept(Unknown Source)
at java.util.stream.ReferencePipeline$3$1.accept(Unknown Source)
at java.util.stream.DistinctOps$1$2.accept(Unknown Source)
at java.util.stream.ReferencePipeline$2$1.accept(Unknown Source)
at java.util.stream.ReferencePipeline$3$1.accept(Unknown Source)
at java.util.stream.ReferencePipeline$2$1.accept(Unknown Source)
at java.util.stream.Streams$StreamBuilderImpl.tryAdvance(Unknown Source)
at java.util.stream.Streams$ConcatSpliterator.tryAdvance(Unknown Source)
at java.util.stream.ReferencePipeline.forEachWithCancel(Unknown Source)
at java.util.stream.AbstractPipeline.copyIntoWithCancel(Unknown Source)
at java.util.stream.AbstractPipeline.copyInto(Unknown Source)
at java.util.stream.AbstractPipeline.wrapAndCopyInto(Unknown Source)
at java.util.stream.FindOps$FindOp.evaluateSequential(Unknown Source)
at java.util.stream.AbstractPipeline.evaluate(Unknown Source)
at java.util.stream.ReferencePipeline.findFirst(Unknown Source)
at org.openqa.selenium.remote.server.NewSessionPipeline.createNewSession(NewSessionPipeline.java:72)
at org.openqa.selenium.remote.server.commandhandler.BeginSession.execute(BeginSession.java:65)
at org.openqa.selenium.remote.server.WebDriverServlet.lambda$handle$0(WebDriverServlet.java:235)
at java.util.concurrent.Executors$RunnableAdapter.call(Unknown Source)
... 4 more
... Removed 27 stack frames]]>
    </failure>
  </testcase> <!-- @BeforeMethod precondition -->
  <testcase name="@AfterMethod Postcondition" time="0.0" classname="Com_ActiTIme_Generic.BaseTest">
    <skipped/>
  </testcase> <!-- @AfterMethod Postcondition -->
  <testcase name="@BeforeMethod precondition" time="0.0" classname="Com_ActiTIme_Generic.BaseTest">
    <skipped/>
  </testcase> <!-- @BeforeMethod precondition -->
  <testcase name="@AfterMethod Postcondition" time="0.0" classname="Com_ActiTIme_Generic.BaseTest">
    <skipped/>
  </testcase> <!-- @AfterMethod Postcondition -->
  <testcase name="@BeforeMethod precondition" time="0.0" classname="Com_ActiTIme_Generic.BaseTest">
    <skipped/>
  </testcase> <!-- @BeforeMethod precondition -->
  <testcase name="@AfterMethod Postcondition" time="0.0" classname="Com_ActiTIme_Generic.BaseTest">
    <skipped/>
  </testcase> <!-- @AfterMethod Postcondition -->
  <testcase name="ValidLoginLogout" time="0.0" classname="Com_ActiTime_Test.ValidLoginLogoutTest">
    <skipped/>
  </testcase> <!-- ValidLoginLogout -->
  <testcase name="InvalidLogin" time="0.0" classname="Com_ActiTime_Test.InvalidLoginTest">
    <skipped/>
  </testcase> <!-- InvalidLogin -->
  <testcase name="Verifyversion" time="0.0" classname="Com_ActiTime_Test.VerifyversionTest">
    <skipped/>
  </testcase> <!-- Verifyversion -->
</testsuite> <!-- ChromeTest -->
